Vivado Simulator v2025.2
Copyright 1986-2022 Xilinx, Inc. All Rights Reserved.
Copyright 2022-2025 Advanced Micro Devices, Inc. All Rights Reserved.
Running: /home/dlohchab/Xilinx/2025.2/Vivado/bin/unwrapped/lnx64.o/xelab -top tb_rv32i_pipeline -snapshot tb_rv32i_pipeline_compile 
Starting static elaboration
Pass Through NonSizing Optimizer
Completed static elaboration
Starting simulation data flow analysis
Completed simulation data flow analysis
Time Resolution for simulation is 1ps
Compiling module work.pc
Compiling module work.adder
Compiling module work.instruction_memory
Compiling module work.if_id
Compiling module work.if_stage
Compiling module work.instruction_decoder
Compiling module work.register_file
Compiling module work.immediate_generator
Compiling module work.control_unit
Compiling module work.id_stage
Compiling module work.id_ex
Compiling module work.alu_control
Compiling module work.alu
Compiling module work.ex_stage
Compiling module work.ex_mem
Compiling module work.data_memory(DEPTH_BYTES=64)
Compiling module work.mem_stage(DMEM_DEPTH_BYTES=64)
Compiling module work.mem_wb
Compiling module work.wb_stage
Compiling module work.hazard_unit
Compiling module work.rv32i_pipeline(DMEM_DEPTH_BYTES=...
Compiling module work.tb_rv32i_pipeline
Built simulation snapshot tb_rv32i_pipeline_compile
