#-----------------------------------------------------------
# xsim v2025.2 (64-bit)
# SW Build 6299465 on Fri Nov 14 12:34:56 MST 2025
# IP Build 6300035 on Fri Nov 14 10:48:45 MST 2025
# SharedData Build 6298862 on Thu Nov 13 04:50:51 MST 2025
# Start of session at: Sun Jul 12 06:34:26 2026
# Process ID         : 127
# Current directory  : /home/dlohchab/projects/Verilog/rv32i_pipeline_cpu/rv32i_pipeline_cpu.srcs/sources_1
# Command line       : xsim -mode tcl -source {xsim.dir/rv32i_regression/xsim_script.tcl}
# Log file           : /home/dlohchab/projects/Verilog/rv32i_pipeline_cpu/rv32i_pipeline_cpu.srcs/sources_1/xsim.log
# Journal file       : /home/dlohchab/projects/Verilog/rv32i_pipeline_cpu/rv32i_pipeline_cpu.srcs/sources_1/xsim.jou
# Running On         : localhost.localdomain
# Platform           : rhel
# Operating System   : Red Hat Enterprise Linux 10.2 (Coughlan)"
RELEASE_TYPE=stable
# Processor Detail   : AMD Athlon Silver 3050U with Radeon Graphics
# CPU Frequency      : 2356.317 MHz
# CPU Physical cores : 2
# CPU Logical cores  : 2
# Host memory        : 5819 MB
# Swap memory        : 6224 MB
# Total Virtual      : 12043 MB
# Available Virtual  : 5993 MB
#-----------------------------------------------------------
source xsim.dir/rv32i_regression/xsim_script.tcl
# xsim {rv32i_regression} -autoloadwcfg -tclbatch {/dev/stdin}
ERROR: unexpected exception when evaluating tcl command
    while executing
"xsim {rv32i_regression} -autoloadwcfg -tclbatch {/dev/stdin}"
    (file "xsim.dir/rv32i_regression/xsim_script.tcl" line 1)
run all
ERROR: [Simulator 45-11] The simulation is in a state in which it cannot execute the requested operation.  If you are attempting to re-launch the simulation after code changes, please correct any compilation errors reported in the log and retry the re-launch.
quit
INFO: [Common 17-206] Exiting xsim at Sun Jul 12 06:34:30 2026...
