INFO: [VRFC 10-2263] Analyzing SystemVerilog file "/home/dlohchab/projects/Verilog/rv32i_pipeline_cpu/rv32i_pipeline_cpu.srcs/sources_1/new/adder.sv" into library work
INFO: [VRFC 10-311] analyzing module adder
INFO: [VRFC 10-2263] Analyzing SystemVerilog file "/home/dlohchab/projects/Verilog/rv32i_pipeline_cpu/rv32i_pipeline_cpu.srcs/sources_1/new/pc.sv" into library work
INFO: [VRFC 10-311] analyzing module pc
INFO: [VRFC 10-2263] Analyzing SystemVerilog file "/home/dlohchab/projects/Verilog/rv32i_pipeline_cpu/rv32i_pipeline_cpu.srcs/sources_1/new/instruction_memory.sv" into library work
INFO: [VRFC 10-311] analyzing module instruction_memory
INFO: [VRFC 10-2263] Analyzing SystemVerilog file "/home/dlohchab/projects/Verilog/rv32i_pipeline_cpu/rv32i_pipeline_cpu.srcs/sources_1/new/if_id.sv" into library work
INFO: [VRFC 10-311] analyzing module if_id
INFO: [VRFC 10-2263] Analyzing SystemVerilog file "/home/dlohchab/projects/Verilog/rv32i_pipeline_cpu/rv32i_pipeline_cpu.srcs/sources_1/new/if_stage.sv" into library work
INFO: [VRFC 10-311] analyzing module if_stage
INFO: [VRFC 10-2263] Analyzing SystemVerilog file "/home/dlohchab/projects/Verilog/rv32i_pipeline_cpu/rv32i_pipeline_cpu.srcs/sources_1/new/instruction_decoder.sv" into library work
INFO: [VRFC 10-311] analyzing module instruction_decoder
INFO: [VRFC 10-2263] Analyzing SystemVerilog file "/home/dlohchab/projects/Verilog/rv32i_pipeline_cpu/rv32i_pipeline_cpu.srcs/sources_1/new/immediate_generator.sv" into library work
INFO: [VRFC 10-311] analyzing module immediate_generator
INFO: [VRFC 10-2263] Analyzing SystemVerilog file "/home/dlohchab/projects/Verilog/rv32i_pipeline_cpu/rv32i_pipeline_cpu.srcs/sources_1/new/control_unit.sv" into library work
INFO: [VRFC 10-311] analyzing module control_unit
INFO: [VRFC 10-2263] Analyzing SystemVerilog file "/home/dlohchab/projects/Verilog/rv32i_pipeline_cpu/rv32i_pipeline_cpu.srcs/sources_1/new/register_file.sv" into library work
INFO: [VRFC 10-311] analyzing module register_file
INFO: [VRFC 10-2263] Analyzing SystemVerilog file "/home/dlohchab/projects/Verilog/rv32i_pipeline_cpu/rv32i_pipeline_cpu.srcs/sources_1/new/id_stage.sv" into library work
INFO: [VRFC 10-311] analyzing module id_stage
INFO: [VRFC 10-2263] Analyzing SystemVerilog file "/home/dlohchab/projects/Verilog/rv32i_pipeline_cpu/rv32i_pipeline_cpu.srcs/sources_1/new/id_ex.sv" into library work
INFO: [VRFC 10-311] analyzing module id_ex
INFO: [VRFC 10-2263] Analyzing SystemVerilog file "/home/dlohchab/projects/Verilog/rv32i_pipeline_cpu/rv32i_pipeline_cpu.srcs/sources_1/new/alu.sv" into library work
INFO: [VRFC 10-311] analyzing module alu
INFO: [VRFC 10-2263] Analyzing SystemVerilog file "/home/dlohchab/projects/Verilog/rv32i_pipeline_cpu/rv32i_pipeline_cpu.srcs/sources_1/new/alu_control.sv" into library work
INFO: [VRFC 10-311] analyzing module alu_control
INFO: [VRFC 10-2263] Analyzing SystemVerilog file "/home/dlohchab/projects/Verilog/rv32i_pipeline_cpu/rv32i_pipeline_cpu.srcs/sources_1/new/ex_stage.sv" into library work
INFO: [VRFC 10-311] analyzing module ex_stage
INFO: [VRFC 10-2263] Analyzing SystemVerilog file "/home/dlohchab/projects/Verilog/rv32i_pipeline_cpu/rv32i_pipeline_cpu.srcs/sources_1/new/ex_mem.sv" into library work
INFO: [VRFC 10-311] analyzing module ex_mem
INFO: [VRFC 10-2263] Analyzing SystemVerilog file "/home/dlohchab/projects/Verilog/rv32i_pipeline_cpu/rv32i_pipeline_cpu.srcs/sources_1/new/data_memory.sv" into library work
INFO: [VRFC 10-311] analyzing module data_memory
INFO: [VRFC 10-2263] Analyzing SystemVerilog file "/home/dlohchab/projects/Verilog/rv32i_pipeline_cpu/rv32i_pipeline_cpu.srcs/sources_1/new/mem_stage.sv" into library work
INFO: [VRFC 10-311] analyzing module mem_stage
INFO: [VRFC 10-2263] Analyzing SystemVerilog file "/home/dlohchab/projects/Verilog/rv32i_pipeline_cpu/rv32i_pipeline_cpu.srcs/sources_1/new/mem_wb.sv" into library work
INFO: [VRFC 10-311] analyzing module mem_wb
INFO: [VRFC 10-2263] Analyzing SystemVerilog file "/home/dlohchab/projects/Verilog/rv32i_pipeline_cpu/rv32i_pipeline_cpu.srcs/sources_1/new/wb_stage.sv" into library work
INFO: [VRFC 10-311] analyzing module wb_stage
INFO: [VRFC 10-2263] Analyzing SystemVerilog file "/home/dlohchab/projects/Verilog/rv32i_pipeline_cpu/rv32i_pipeline_cpu.srcs/sources_1/new/hazard_unit.sv" into library work
INFO: [VRFC 10-311] analyzing module hazard_unit
INFO: [VRFC 10-2263] Analyzing SystemVerilog file "/home/dlohchab/projects/Verilog/rv32i_pipeline_cpu/rv32i_pipeline_cpu.srcs/sources_1/new/rv32i_pipeline.sv" into library work
INFO: [VRFC 10-311] analyzing module rv32i_pipeline
INFO: [VRFC 10-2263] Analyzing SystemVerilog file "/home/dlohchab/projects/Verilog/rv32i_pipeline_cpu/rv32i_pipeline_cpu.srcs/sources_1/new/tb_rv32i_pipeline.sv" into library work
INFO: [VRFC 10-311] analyzing module tb_rv32i_pipeline
